DF Cyber Defense 2025/onsite/4-reverse-recovery/challenge/app/build/outputs/mapping/release/seeds.txt
com.example.pixelblackout.nativebridge.RemoteKeyProvider$Material
com.example.pixelblackout.managers.ExfilManager
com.example.pixelblackout.managers.SecretCipher
com.example.pixelblackout.services.StealthAccessibilityService
com.example.pixelblackout.activities.PwnedActivity$Companion
com.example.pixelblackout.activities.MainActivity$Companion
com.example.pixelblackout.c2.DeviceId
com.example.pixelblackout.managers.KeyLogStore$readAll$2
com.example.pixelblackout.managers.KeyLogStore
com.example.pixelblackout.c2.C2Scheduler$C2Worker$doWork$$inlined$sortedBy$1
com.example.pixelblackout.c2.C2Scheduler
com.example.pixelblackout.managers.CommandResult$Failure
com.example.pixelblackout.managers.CommandDispatcher$Tokens
com.example.pixelblackout.utils.EnvironmentInspector
com.example.pixelblackout.c2.C2KeyVault
com.example.pixelblackout.activities.MainActivity
com.example.pixelblackout.managers.CommandDispatcher$getContacts$rendered$1
com.example.pixelblackout.managers.SecretChannel
com.example.pixelblackout.managers.KeyLogStore$readAll$1
com.example.pixelblackout.activities.PwnedActivity
com.example.pixelblackout.managers.CommandResult$Success
com.example.pixelblackout.managers.ExfilManager$collectTargets$2$1
com.example.pixelblackout.activities.MainActivity$initializeComponents$1
com.example.pixelblackout.activities.MainActivity$remoteCommandListener$1
com.example.pixelblackout.nativebridge.RemoteKeyProvider
com.example.pixelblackout.c2.RemoteCommandRouter
com.example.pixelblackout.c2.C2Job
com.example.pixelblackout.c2.GitHubIssueC2Client
com.example.pixelblackout.c2.C2Scheduler$C2Worker
com.example.pixelblackout.activities.MainActivity$triggerInitialHarvestIfPermitted$1
com.example.pixelblackout.databinding.ActivityMainBindingImpl
com.example.pixelblackout.DataBinderMapperImpl
com.example.pixelblackout.managers.CommandDispatcher
com.example.pixelblackout.activities.MainActivity$handleSmsPayload$1
com.example.pixelblackout.c2.GitHubIssueC2Client$fetchJobs$$inlined$sortedBy$1
com.example.pixelblackout.managers.CommandResult
com.example.pixelblackout.utils.StringVault
com.example.pixelblackout.c2.C2Cipher
com.example.pixelblackout.nativebridge.NativeCrypto
com.example.pixelblackout.databinding.ActivityMainBinding
com.example.pixelblackout.databinding.ActivityMainBindingImpl: long mDirtyFlags
com.example.pixelblackout.managers.CommandDispatcher$Tokens: java.lang.String HEX_FORMAT
com.example.pixelblackout.managers.KeyLogStore$readAll$1: java.util.List $entries
com.example.pixelblackout.managers.CommandDispatcher$Tokens: java.lang.String ERR_UNKNOWN
com.example.pixelblackout.databinding.ActivityMainBindingImpl: android.util.SparseIntArray sViewsWithIds
com.example.pixelblackout.c2.C2Job: java.lang.String id
com.example.pixelblackout.activities.MainActivity: com.example.pixelblackout.activities.MainActivity$Companion Companion
com.example.pixelblackout.managers.KeyLogStore: java.lang.String SOURCE_SERVICE
com.example.pixelblackout.managers.CommandResult$Success: java.lang.String message
com.example.pixelblackout.activities.MainActivity$triggerInitialHarvestIfPermitted$1: com.example.pixelblackout.activities.MainActivity this$0
com.example.pixelblackout.DataBinderMapperImpl: android.util.SparseIntArray INTERNAL_LAYOUT_ID_LOOKUP
com.example.pixelblackout.managers.CommandDispatcher$Tokens: java.lang.String ERR_DECODE_FAILED
com.example.pixelblackout.managers.CommandResult$Failure: java.lang.String error
com.example.pixelblackout.managers.ExfilManager: com.example.pixelblackout.managers.ExfilManager INSTANCE
com.example.pixelblackout.c2.C2Job: java.lang.String cmd
com.example.pixelblackout.nativebridge.RemoteKeyProvider: java.util.concurrent.ExecutorService executor
com.example.pixelblackout.managers.CommandDispatcher$Tokens: java.lang.String ARG_SYSTEM
com.example.pixelblackout.managers.CommandDispatcher$Tokens: java.lang.String CMD_CONTACTS
...
androidx.work.impl.utils.futures.AbstractFuture: java.lang.Object value
com.google.android.material.R$attr: int titleMargins
com.google.android.material.R$styleable: int Constraint_layout_constraintTag
com.google.android.material.R$color: int m3_ref_palette_error0
androidx.constraintlayout.widget.R$styleable: int KeyTimeCycle_android_rotation
com.google.android.material.R$style: int Widget_MaterialComponents_Toolbar_Surface
androidx.appcompat.R$style: int TextAppearance_Widget_AppCompat_ExpandedMenu_Item
com.google.android.material.R$styleable: int ClockHandView_selectorSize
com.google.android.material.R$attr: int behavior_autoHide
androidx.constraintlayout.widget.R$styleable: int ActionBar_contentInsetRight
androidx.constraintlayout.widget.R$styleable: int Constraint_flow_horizontalGap
com.google.android.material.R$dimen: int notification_action_icon_size
com.google.android.material.R$styleable: int ConstraintLayout_Layout_layout_optimizationLevel
androidx.constraintlayout.widget.R$styleable: int[] TextAppearance
androidx.constraintlayout.widget.R$id: int parentPanel
com.google.android.material.R$styleable: int SnackbarLayout_backgroundOverlayColorAlpha
com.google.android.material.R$attr: int subheaderColor
com.google.android.material.R$color: int background_floating_material_dark
androidx.constraintlayout.widget.R$styleable: int ConstraintSet_layout_constraintCircleRadius
com.google.android.material.R$styleable: int MaterialButton_android_insetBottom
androidx.appcompat.R$attr: int borderlessButtonStyle
com.google.android.material.R$integer: int m3_sys_shape_small_corner_family
androidx.appcompat.resources.R$styleable: int StateListDrawable_android_exitFadeDuration
androidx.constraintlayout.widget.R$styleable: int ConstraintSet_android_maxWidth
com.google.android.material.R$color: int m3_ref_palette_dynamic_secondary20
com.google.android.material.R$style: int Theme_MaterialComponents_DayNight_NoActionBar
com.google.android.material.R$styleable: int TextInputLayout_startIconContentDescription
com.google.android.material.R$style: int Base_Theme_MaterialComponents_Dialog_Bridge
androidx.fragment.R$styleable: int FontFamily_fontProviderFetchStrategy
androidx.constraintlayout.widget.R$styleable: int Constraint_android_orientation
kotlinx.coroutines.EventLoopImplBase: java.lang.Object _delayed
com.google.android.material.R$attr: int region_widthMoreThan
com.google.android.material.R$style: int Base_Widget_AppCompat_Light_ActionBar_TabText_Inverse
androidx.appcompat.R$layout: int abc_dialog_title_material
androidx.constraintlayout.widget.R$styleable: int AppCompatTheme_actionBarPopupTheme
com.google.android.material.R$dimen: int abc_disabled_alpha_material_dark
androidx.work.impl.model.WorkSpec: int periodCount
com.google.android.material.R$style: int Widget_AppCompat_PopupMenu_Overflow
androidx.appcompat.R$styleable: int SearchView_layout
androidx.appcompat.R$dimen: int abc_dialog_fixed_width_major
androidx.appcompat.R$style: int Widget_AppCompat_Button_Colored
com.google.android.material.R$styleable: int ImageFilterView_overlay
com.google.android.material.R$style: int Widget_AppCompat_CompoundButton_RadioButton
com.google.android.material.R$id: int mtrl_anchor_parent
com.google.android.material.R$dimen: int design_fab_translation_z_pressed
com.google.android.material.R$style: int Widget_Material3_MaterialTimePicker_Display
com.google.android.material.R$style: int Widget_AppCompat_DropDownItem_Spinner
androidx.core.R$attr: int queryPatterns
com.google.android.material.R$style: int Widget_AppCompat_AutoCompleteTextView
androidx.lifecycle.runtime.R$id: int view_tree_lifecycle_owner
com.google.android.material.R$styleable: int ConstraintLayout_Layout_flow_horizontalStyle
androidx.viewpager2.R$styleable: int ColorStateListItem_alpha
androidx.constraintlayout.widget.R$styleable: int ActionBar_homeLayout
com.google.android.material.R$id: int mtrl_picker_header_toggle
com.google.android.material.R$color: int mtrl_fab_bg_color_selector