DF Cyber Defense 2025/onsite/4-reverse-recovery/challenge/app/build/outputs/mapping/release/usage.txt
com.example.pixelblackout.BR
com.example.pixelblackout.BuildConfig
com.example.pixelblackout.DataBinderMapperImpl$InnerBrLookup
com.example.pixelblackout.DataBinderMapperImpl$InnerLayoutIdLookup
com.example.pixelblackout.DataBinderMapperImpl:
    private static final int LAYOUT_ACTIVITYMAIN
    public java.lang.String convertBrIdToString(int)
    public int getLayoutId(java.lang.String)
com.example.pixelblackout.DataBindingTriggerClass
com.example.pixelblackout.R$color
com.example.pixelblackout.R$drawable
com.example.pixelblackout.R$id
com.example.pixelblackout.R$layout
com.example.pixelblackout.R$mipmap
com.example.pixelblackout.R$raw
com.example.pixelblackout.R$string
com.example.pixelblackout.R$style
com.example.pixelblackout.R$xml
com.example.pixelblackout.R
com.example.pixelblackout.activities.MainActivity:
    private static final java.lang.String TAG
com.example.pixelblackout.activities.PwnedActivity:
    public static final java.lang.String EXTRA_TEAM
com.example.pixelblackout.c2.C2Cipher:
    public final java.lang.String decrypt(java.lang.String)
com.example.pixelblackout.c2.C2Job:
    public final java.lang.String component1()
    public final java.lang.String component2()
    public final java.lang.String component3()
    public final java.lang.String component4()
    public final com.example.pixelblackout.c2.C2Job copy(java.lang.String,java.lang.String,java.lang.String,java.lang.String)
    public static synthetic com.example.pixelblackout.c2.C2Job copy$default(com.example.pixelblackout.c2.C2Job,java.lang.String,java.lang.String,java.lang.String,java.lang.String,int,java.lang.Object)
com.example.pixelblackout.c2.C2KeyVault$Material
com.example.pixelblackout.c2.C2KeyVault:
    private static final int NONCE_SIZE
    public final com.example.pixelblackout.c2.C2KeyVault$Material require()
com.example.pixelblackout.c2.C2Scheduler:
    private static final java.lang.String LOOP_WORK_NAME
    private static final java.lang.String ONE_SHOT_WORK_NAME
    private static final java.lang.String PERIODIC_WORK_NAME
com.example.pixelblackout.c2.DeviceId:
    private static final java.lang.String KEY
    private static final java.lang.String PREF
com.example.pixelblackout.c2.GitHubIssueC2Client:
    private static final java.lang.String KEY_LAST_ID
    private static final java.lang.String PREF
    private static final java.lang.String TAG
com.example.pixelblackout.c2.HttpC2Client
com.example.pixelblackout.databinding.ActivityMainBinding:
    public static com.example.pixelblackout.databinding.ActivityMainBinding bind(android.view.View)
    public static com.example.pixelblackout.databinding.ActivityMainBinding bind(android.view.View,java.lang.Object)
    public static com.example.pixelblackout.databinding.ActivityMainBinding inflate(android.view.LayoutInflater)
    public static com.example.pixelblackout.databinding.ActivityMainBinding inflate(android.view.LayoutInflater,android.view.ViewGroup,boolean)
    public static com.example.pixelblackout.databinding.ActivityMainBinding inflate(android.view.LayoutInflater,android.view.ViewGroup,boolean,java.lang.Object)
    public static com.example.pixelblackout.databinding.ActivityMainBinding inflate(android.view.LayoutInflater,java.lang.Object)
com.example.pixelblackout.databinding.ActivityMainBindingImpl:
    protected boolean onFieldChange(int,java.lang.Object,int)
    public boolean setVariable(int,java.lang.Object)
com.example.pixelblackout.managers.CommandResult$Failure:
    public final java.lang.String component1()
    public final com.example.pixelblackout.managers.CommandResult$Failure copy(java.lang.String)
    public static synthetic com.example.pixelblackout.managers.CommandResult$Failure copy$default(com.example.pixelblackout.managers.CommandResult$Failure,java.lang.String,int,java.lang.Object)
...
com.google.android.material.timepicker.ClockFaceView:
    public static android.graphics.RadialGradient getGradientForTextView()
    public final void setRadius()
    public static void setValues()
    public static void updateTextViews()
com.google.android.material.timepicker.ClockHandView$1
com.google.android.material.timepicker.ClockHandView$2
com.google.android.material.timepicker.ClockHandView$OnActionUpListener
com.google.android.material.timepicker.ClockHandView:
    public final boolean animatingOnTouchUp
    public float downX
    public float downY
    public boolean isInTapRegion
    public final com.google.android.material.timepicker.ClockHandView$OnActionUpListener onActionUpListener
    public android.animation.ValueAnimator rotationAnimator
    public final int scaledTouchSlop
    public static void addOnRotateListener()
    public static void drawSelector()
    public static android.graphics.RectF getCurrentSelectorBox()
    public final int getDegreesFromXY(float,float)
    public static float getHandRotation()
    public static int getSelectorRadius()
    public static android.util.Pair getValuesForAnimation()
    public static boolean handleTouchInput()
    public static void setCircleRadius()
    public static void setHandRotation()
com.google.android.material.timepicker.MaxInputValidator
com.google.android.material.timepicker.RadialViewGroup:
    public static android.graphics.drawable.Drawable createBackground()
    public static int getRadius()
    public void setRadius()
    public static boolean shouldSkipView(android.view.View)
    public final void updateLayoutParamsAsync()
com.google.android.material.timepicker.TimeModel$1
com.google.android.material.timepicker.TimeModel
com.google.android.material.timepicker.TimePickerView$4:
    public final synthetic com.google.android.material.timepicker.TimePickerView this$0
com.google.android.material.timepicker.TimePickerView$OnDoubleTapListener
com.google.android.material.timepicker.TimePickerView$OnPeriodChangeListener
com.google.android.material.timepicker.TimePickerView$OnSelectionChange
com.google.android.material.timepicker.TimePickerView:
    public final com.google.android.material.timepicker.ClockFaceView clockFace
    public final com.google.android.material.timepicker.ClockHandView clockHandView
    public final com.google.android.material.chip.Chip hourView
    public final com.google.android.material.chip.Chip minuteView
    public final com.google.android.material.timepicker.TimePickerView$OnDoubleTapListener onDoubleTapListener
    public final com.google.android.material.timepicker.TimePickerView$OnPeriodChangeListener onPeriodChangeListener
    public final com.google.android.material.timepicker.TimePickerView$OnSelectionChange onSelectionChangeListener
    public final com.google.android.material.timepicker.TimePickerView$1 selectionListener
    public static synthetic void access$000()
    public static synthetic void access$100()
    public static void setUpDisplay()
    public static void setupDoubleTap()
com.google.android.material.tooltip.TooltipDrawable:
    public static final int DEFAULT_STYLE
    public static final int DEFAULT_THEME_ATTR
    public final float tooltipPivotX
    public static void <clinit>()
    public final float calculateTextCenterFromBaseline()
    public static float calculateTextOriginAndAlignment()
    public static void detachView()
    public final void drawText()
    public static float getTextWidth()
    public final void loadFromAttributes()
    public static void setRelativeToView()
    public static void setRevealFraction()
    public final void setText(java.lang.CharSequence)
    public final void setTextAppearance(com.google.android.material.resources.TextAppearance)
    public final void updateLocationOnScreen(android.view.View)